[2026-01-05 15:37:01] === Начало обработки задач редактирования постов ===
[2026-01-05 15:37:01] Найдено 0 задач для обработки
[2026-01-05 15:37:01] === Обработка задач редактирования постов завершена ===
[2026-01-05 15:38:01] === Начало обработки задач редактирования постов ===
[2026-01-05 15:38:01] Найдено 0 задач для обработки
[2026-01-05 15:38:01] === Обработка задач редактирования постов завершена ===
[2026-01-05 15:39:01] === Начало обработки задач редактирования постов ===
[2026-01-05 15:39:01] Найдено 0 задач для обработки
[2026-01-05 15:39:01] === Обработка задач редактирования постов завершена ===
[2026-01-05 15:40:01] === Начало обработки задач редактирования постов ===
[2026-01-05 15:40:01] Найдено 0 задач для обработки
[2026-01-05 15:40:01] === Обработка задач редактирования постов завершена ===
[2026-01-05 15:41:01] === Начало обработки задач редактирования постов ===
[2026-01-05 15:41:01] Найдено 1 задач для обработки
[2026-01-05 15:41:01] Обработка задачи ID: 3, VK Post ID: 29, Group ID: -229270625
[2026-01-05 15:41:01] Получен токен пользователя ID: 1
[2026-01-05 15:41:01] Создан VK API объект
[2026-01-05 15:41:01] Проверяем триггер по времени для задачи ID: 3
[2026-01-05 15:41:01] Получаем информацию о посте: группа -229270625, пост 29
[2026-01-05 15:41:02] Дата публикации поста: 2026-01-05 15:08:06
[2026-01-05 15:41:02] Прошло часов: 0.54888888888889, требуется: 1
[2026-01-05 15:41:02] Триггер времени НЕ сработал, пост не нужно редактировать
[2026-01-05 15:41:02] Триггер не сработал, пост ID: 29 не будет редактироваться
[2026-01-05 15:41:02] === Обработка задач редактирования постов завершена ===
[2026-01-05 15:42:01] === Начало обработки задач редактирования постов ===
[2026-01-05 15:42:01] Найдено 1 задач для обработки
[2026-01-05 15:42:01] Обработка задачи ID: 3, VK Post ID: 29, Group ID: -229270625
[2026-01-05 15:42:01] Получен токен пользователя ID: 1
[2026-01-05 15:42:01] Создан VK API объект
[2026-01-05 15:42:01] Проверяем триггер по времени для задачи ID: 3
[2026-01-05 15:42:01] Получаем информацию о посте: группа -229270625, пост 29
[2026-01-05 15:42:01] Дата публикации поста: 2026-01-05 15:08:06
[2026-01-05 15:42:01] Прошло часов: 0.56527777777778, требуется: 1
[2026-01-05 15:42:01] Триггер времени НЕ сработал, пост не нужно редактировать
[2026-01-05 15:42:01] Триггер не сработал, пост ID: 29 не будет редактироваться
[2026-01-05 15:42:01] === Обработка задач редактирования постов завершена ===
[2026-01-05 15:43:01] === Начало обработки задач редактирования постов ===
[2026-01-05 15:43:01] Найдено 1 задач для обработки
[2026-01-05 15:43:01] Обработка задачи ID: 3, VK Post ID: 29, Group ID: -229270625
[2026-01-05 15:43:01] Получен токен пользователя ID: 1
[2026-01-05 15:43:01] Создан VK API объект
[2026-01-05 15:43:01] Проверяем триггер по времени для задачи ID: 3
[2026-01-05 15:43:01] Получаем информацию о посте: группа -229270625, пост 29
[2026-01-05 15:43:01] Дата публикации поста: 2026-01-05 15:08:06
[2026-01-05 15:43:01] Прошло часов: 0.58194444444444, требуется: 1
[2026-01-05 15:43:01] Триггер времени НЕ сработал, пост не нужно редактировать
[2026-01-05 15:43:01] Триггер не сработал, пост ID: 29 не будет редактироваться
[2026-01-05 15:43:01] === Обработка задач редактирования постов завершена ===
[2026-01-05 15:44:01] === Начало обработки задач редактирования постов ===
[2026-01-05 15:44:01] Найдено 1 задач для обработки
[2026-01-05 15:44:01] Обработка задачи ID: 3, VK Post ID: 29, Group ID: -229270625
[2026-01-05 15:44:01] Получен токен пользователя ID: 1
[2026-01-05 15:44:01] Создан VK API объект
[2026-01-05 15:44:01] Проверяем триггер по времени для задачи ID: 3
[2026-01-05 15:44:01] Получаем информацию о посте: группа -229270625, пост 29
[2026-01-05 15:44:01] Дата публикации поста: 2026-01-05 15:08:06
[2026-01-05 15:44:01] Прошло часов: 0.59861111111111, требуется: 1
[2026-01-05 15:44:01] Триггер времени НЕ сработал, пост не нужно редактировать
[2026-01-05 15:44:01] Триггер не сработал, пост ID: 29 не будет редактироваться
[2026-01-05 15:44:01] === Обработка задач редактирования постов завершена ===
[2026-01-05 15:45:01] === Начало обработки задач редактирования постов ===
[2026-01-05 15:45:01] Найдено 1 задач для обработки
[2026-01-05 15:45:01] Обработка задачи ID: 3, VK Post ID: 29, Group ID: -229270625
[2026-01-05 15:45:01] Получен токен пользователя ID: 1
[2026-01-05 15:45:01] Создан VK API объект
[2026-01-05 15:45:01] Проверяем триггер по времени для задачи ID: 3
[2026-01-05 15:45:01] Получаем информацию о посте: группа -229270625, пост 29
[2026-01-05 15:45:01] Дата публикации поста: 2026-01-05 15:08:06
[2026-01-05 15:45:01] Прошло часов: 0.61527777777778, требуется: 1
[2026-01-05 15:45:01] Триггер времени НЕ сработал, пост не нужно редактировать
[2026-01-05 15:45:01] Триггер не сработал, пост ID: 29 не будет редактироваться
[2026-01-05 15:45:01] === Обработка задач редактирования постов завершена ===
[2026-01-05 15:46:02] === Начало обработки задач редактирования постов ===
[2026-01-05 15:46:02] Найдено 1 задач для обработки
[2026-01-05 15:46:02] Обработка задачи ID: 3, VK Post ID: 29, Group ID: -229270625
[2026-01-05 15:46:02] Получен токен пользователя ID: 1
[2026-01-05 15:46:02] Создан VK API объект
[2026-01-05 15:46:02] Проверяем триггер по времени для задачи ID: 3
[2026-01-05 15:46:02] Получаем информацию о посте: группа -229270625, пост 29
[2026-01-05 15:46:02] Дата публикации поста: 2026-01-05 15:08:06
[2026-01-05 15:46:02] Прошло часов: 0.63222222222222, требуется: 1
[2026-01-05 15:46:02] Триггер времени НЕ сработал, пост не нужно редактировать
[2026-01-05 15:46:02] Триггер не сработал, пост ID: 29 не будет редактироваться
[2026-01-05 15:46:02] === Обработка задач редактирования постов завершена ===
[2026-01-05 15:47:01] === Начало обработки задач редактирования постов ===
[2026-01-05 15:47:01] Найдено 1 задач для обработки
[2026-01-05 15:47:01] Обработка задачи ID: 3, VK Post ID: 29, Group ID: -229270625
[2026-01-05 15:47:01] Получен токен пользователя ID: 1
[2026-01-05 15:47:01] Создан VK API объект
[2026-01-05 15:47:01] Проверяем триггер по времени для задачи ID: 3
[2026-01-05 15:47:01] Получаем информацию о посте: группа -229270625, пост 29
[2026-01-05 15:47:01] Дата публикации поста: 2026-01-05 15:08:06
[2026-01-05 15:47:01] Прошло часов: 0.64861111111111, требуется: 1
[2026-01-05 15:47:01] Триггер времени НЕ сработал, пост не нужно редактировать
[2026-01-05 15:47:01] Триггер не сработал, пост ID: 29 не будет редактироваться
[2026-01-05 15:47:01] === Обработка задач редактирования постов завершена ===
[2026-01-05 15:48:01] === Начало обработки задач редактирования постов ===
[2026-01-05 15:48:01] Найдено 1 задач для обработки
[2026-01-05 15:48:01] Обработка задачи ID: 3, VK Post ID: 29, Group ID: -229270625
[2026-01-05 15:48:01] Получен токен пользователя ID: 1
[2026-01-05 15:48:01] Создан VK API объект
[2026-01-05 15:48:01] Проверяем триггер по времени для задачи ID: 3
[2026-01-05 15:48:01] Получаем информацию о посте: группа -229270625, пост 29
[2026-01-05 15:48:01] Дата публикации поста: 2026-01-05 15:08:06
[2026-01-05 15:48:01] Прошло часов: 0.66527777777778, требуется: 1
[2026-01-05 15:48:01] Триггер времени НЕ сработал, пост не нужно редактировать
[2026-01-05 15:48:01] Триггер не сработал, пост ID: 29 не будет редактироваться
[2026-01-05 15:48:01] === Обработка задач редактирования постов завершена ===
